

> web@0.1.2 build
> next build

You are using Node.js 20.2.0. For Next.js, Node.js version ">=20.9.0" is required.
[37;40mnpm[0m [0m[31;40mERR![0m [0m[35mLifecycle script `build` failed with error:[0m 
[0m[37;40mnpm[0m [0m[31;40mERR![0m [0m[35mError: command failed[0m 
[0m[37;40mnpm[0m [0m[31;40mERR![0m [0m[35m  in workspace: web@0.1.2[0m 
[0m[37;40mnpm[0m [0m[31;40mERR![0m [0m[35m  at location: /Users/mohamedsow/Desktop/Bouteek PWA/apps/web[0m 
[0m
